0 info it worked if it ends with ok
1 verbose cli [ '/Users/ericanderson/.nvm/versions/node/v5.5.0/bin/node',
1 verbose cli   '/Users/ericanderson/.nvm/versions/node/v5.5.0/bin/npm',
1 verbose cli   'run',
1 verbose cli   'dev' ]
2 info using npm@3.3.12
3 info using node@v5.5.0
4 verbose run-script [ 'predev', 'dev', 'postdev' ]
5 info lifecycle easy-pack@0.0.1~predev: easy-pack@0.0.1
6 silly lifecycle easy-pack@0.0.1~predev: no script for predev, continuing
7 info lifecycle easy-pack@0.0.1~dev: easy-pack@0.0.1
8 verbose lifecycle easy-pack@0.0.1~dev: unsafe-perm in lifecycle true
9 verbose lifecycle easy-pack@0.0.1~dev: PATH: /Users/ericanderson/.nvm/versions/node/v5.5.0/lib/node_modules/npm/bin/node-gyp-bin:/Users/ericanderson/Projects/easy-pack/node_modules/.bin:/Users/ericanderson/.nvm/versions/node/v5.5.0/bin:/usr/local/bin:/Users/ericanderson/.rvm/gems/ruby-2.3.0/bin:/Users/ericanderson/.rvm/gems/ruby-2.3.0@global/bin:/Users/ericanderson/.rvm/rubies/ruby-2.3.0/bin:/usr/local/bin:/usr/bin:/bin:/usr/sbin:/sbin:/usr/local/go/bin:/usr/local/MacGPG2/bin:/Users/ericanderson/.rvm/bin:/usr/local/bin/go
10 verbose lifecycle easy-pack@0.0.1~dev: CWD: /Users/ericanderson/Projects/easy-pack
11 silly lifecycle easy-pack@0.0.1~dev: Args: [ '-c', 'node src/index.js' ]
12 silly lifecycle easy-pack@0.0.1~dev: Returned: code: 1  signal: null
13 info lifecycle easy-pack@0.0.1~dev: Failed to exec dev script
14 verbose stack Error: easy-pack@0.0.1 dev: `node src/index.js`
14 verbose stack Exit status 1
14 verbose stack     at EventEmitter.<anonymous> (/Users/ericanderson/.nvm/versions/node/v5.5.0/lib/node_modules/npm/lib/utils/lifecycle.js:232:16)
14 verbose stack     at emitTwo (events.js:100:13)
14 verbose stack     at EventEmitter.emit (events.js:185:7)
14 verbose stack     at ChildProcess.<anonymous> (/Users/ericanderson/.nvm/versions/node/v5.5.0/lib/node_modules/npm/lib/utils/spawn.js:24:14)
14 verbose stack     at emitTwo (events.js:100:13)
14 verbose stack     at ChildProcess.emit (events.js:185:7)
14 verbose stack     at maybeClose (internal/child_process.js:821:16)
14 verbose stack     at Process.ChildProcess._handle.onexit (internal/child_process.js:211:5)
15 verbose pkgid easy-pack@0.0.1
16 verbose cwd /Users/ericanderson/Projects/easy-pack
17 error Darwin 14.5.0
18 error argv "/Users/ericanderson/.nvm/versions/node/v5.5.0/bin/node" "/Users/ericanderson/.nvm/versions/node/v5.5.0/bin/npm" "run" "dev"
19 error node v5.5.0
20 error npm  v3.3.12
21 error code ELIFECYCLE
22 error easy-pack@0.0.1 dev: `node src/index.js`
22 error Exit status 1
23 error Failed at the easy-pack@0.0.1 dev script 'node src/index.js'.
23 error Make sure you have the latest version of node.js and npm installed.
23 error If you do, this is most likely a problem with the easy-pack package,
23 error not with npm itself.
23 error Tell the author that this fails on your system:
23 error     node src/index.js
23 error You can get their info via:
23 error     npm owner ls easy-pack
23 error There is likely additional logging output above.
24 verbose exit [ 1, true ]
